<?xml version="1.0" encoding="UTF-8"?>
<!-- Generated by org.testng.reporters.JUnitXMLReporter -->
<testsuite hostname="NODE588" ignored="0" name="Free CRM Application Tests" tests="7" failures="0" timestamp="26 Aug 2019 06:17:11 GMT" time="249.397" errors="0">
  <testcase name="loginPageTittleTest" time="0.167" classname="com.crm.qa.testCases.LoingPageTest"/>
  <testcase name="VerfiyHomePageTittleTest" time="0.017" classname="com.crm.qa.testCases.HomePageTest"/>
  <testcase name="VerifiedContactsTextTest" time="0.322" classname="com.crm.qa.testCases.ContactsPageTest"/>
  <testcase name="crmLogoImageTest" time="0.175" classname="com.crm.qa.testCases.LoingPageTest"/>
  <testcase name="VerifyUserNameLableTest" time="0.118" classname="com.crm.qa.testCases.HomePageTest"/>
  <testcase name="LoginTest" time="19.211" classname="com.crm.qa.testCases.LoingPageTest"/>
  <testcase name="ClickOnContactsLinkTest" time="1.669" classname="com.crm.qa.testCases.HomePageTest"/>
</testsuite> <!-- Free CRM Application Tests -->
