<?xml version="1.0" encoding="UTF-8"?>
<!-- Generated by org.testng.reporters.JUnitXMLReporter -->
<testsuite hostname="NODE588" ignored="0" name="Test" tests="3" failures="0" timestamp="21 Oct 2019 09:08:58 GMT" time="118.892" errors="0">
  <testcase name="loginPageTittleTest" time="0.165" classname="com.crm.qa.testCases.LoingPageTest"/>
  <testcase name="crmLogoImageTest" time="0.172" classname="com.crm.qa.testCases.LoingPageTest"/>
  <testcase name="LoginTest" time="16.083" classname="com.crm.qa.testCases.LoingPageTest"/>
</testsuite> <!-- Test -->
