<?xml version="1.0" encoding="UTF-8"?>
<!-- Generated by org.testng.reporters.JUnitXMLReporter -->
<testsuite hostname="NODE588" ignored="0" name="Test" tests="3" failures="0" timestamp="21 Oct 2019 10:25:41 GMT" time="105.443" errors="0">
  <testcase name="loginPageTittleTest" time="0.057" classname="com.crm.qa.testCases.LoingPageTest"/>
  <testcase name="crmLogoImageTest" time="0.168" classname="com.crm.qa.testCases.LoingPageTest"/>
  <testcase name="LoginTest" time="17.716" classname="com.crm.qa.testCases.LoingPageTest"/>
</testsuite> <!-- Test -->
