<?xml version="1.0" encoding="UTF-8"?>
<testng-results skipped="0" failed="0" ignored="0" total="3" passed="3">
  <reporter-output>
    <line>
      <![CDATA[Chrome is launched]]>
    </line>
    <line>
      <![CDATA[Chrome is launched]]>
    </line>
    <line>
      <![CDATA[Validate CRM Logo]]>
    </line>
    <line>
      <![CDATA[Chrome is launched]]>
    </line>
  </reporter-output>
  <suite name="Suite" duration-ms="105443" started-at="2019-10-21T10:23:56Z" finished-at="2019-10-21T10:25:41Z">
    <groups>
    </groups>
    <test name="Test" duration-ms="105443" started-at="2019-10-21T10:23:56Z" finished-at="2019-10-21T10:25:41Z">
      <class name="com.crm.qa.testCases.LoingPageTest">
        <test-method status="PASS" signature="setup()[pri:0, instance:com.crm.qa.testCases.LoingPageTest@614c5515]" name="setup" is-config="true" duration-ms="32884" started-at="2019-10-21T10:23:56Z" finished-at="2019-10-21T10:24:29Z">
          <reporter-output>
            <line>
              <![CDATA[Chrome is launched]]>
            </line>
          </reporter-output>
        </test-method> <!-- setup -->
        <test-method status="PASS" signature="loginPageTittleTest()[pri:1, instance:com.crm.qa.testCases.LoingPageTest@614c5515]" name="loginPageTittleTest" duration-ms="57" started-at="2019-10-21T10:24:29Z" finished-at="2019-10-21T10:24:29Z">
          <reporter-output>
          </reporter-output>
        </test-method> <!-- loginPageTittleTest -->
        <test-method status="PASS" signature="tearDown()[pri:0, instance:com.crm.qa.testCases.LoingPageTest@614c5515]" name="tearDown" is-config="true" duration-ms="930" started-at="2019-10-21T10:24:29Z" finished-at="2019-10-21T10:24:30Z">
          <reporter-output>
          </reporter-output>
        </test-method> <!-- tearDown -->
        <test-method status="PASS" signature="setup()[pri:0, instance:com.crm.qa.testCases.LoingPageTest@614c5515]" name="setup" is-config="true" duration-ms="27053" started-at="2019-10-21T10:24:30Z" finished-at="2019-10-21T10:24:57Z">
          <reporter-output>
            <line>
              <![CDATA[Chrome is launched]]>
            </line>
          </reporter-output>
        </test-method> <!-- setup -->
        <test-method status="PASS" signature="crmLogoImageTest()[pri:2, instance:com.crm.qa.testCases.LoingPageTest@614c5515]" name="crmLogoImageTest" duration-ms="168" started-at="2019-10-21T10:24:57Z" finished-at="2019-10-21T10:24:57Z">
          <reporter-output>
            <line>
              <![CDATA[Validate CRM Logo]]>
            </line>
          </reporter-output>
        </test-method> <!-- crmLogoImageTest -->
        <test-method status="PASS" signature="tearDown()[pri:0, instance:com.crm.qa.testCases.LoingPageTest@614c5515]" name="tearDown" is-config="true" duration-ms="987" started-at="2019-10-21T10:24:57Z" finished-at="2019-10-21T10:24:58Z">
          <reporter-output>
          </reporter-output>
        </test-method> <!-- tearDown -->
        <test-method status="PASS" signature="setup()[pri:0, instance:com.crm.qa.testCases.LoingPageTest@614c5515]" name="setup" is-config="true" duration-ms="24873" started-at="2019-10-21T10:24:58Z" finished-at="2019-10-21T10:25:23Z">
          <reporter-output>
            <line>
              <![CDATA[Chrome is launched]]>
            </line>
          </reporter-output>
        </test-method> <!-- setup -->
        <test-method status="PASS" signature="LoginTest()[pri:3, instance:com.crm.qa.testCases.LoingPageTest@614c5515]" name="LoginTest" duration-ms="17716" started-at="2019-10-21T10:25:23Z" finished-at="2019-10-21T10:25:40Z">
          <reporter-output>
          </reporter-output>
        </test-method> <!-- LoginTest -->
        <test-method status="PASS" signature="tearDown()[pri:0, instance:com.crm.qa.testCases.LoingPageTest@614c5515]" name="tearDown" is-config="true" duration-ms="692" started-at="2019-10-21T10:25:40Z" finished-at="2019-10-21T10:25:41Z">
          <reporter-output>
          </reporter-output>
        </test-method> <!-- tearDown -->
      </class> <!-- com.crm.qa.testCases.LoingPageTest -->
    </test> <!-- Test -->
  </suite> <!-- Suite -->
</testng-results>
