<?xml version="1.0" encoding="UTF-8"?>
<testsuite xmlns:xsi="http://www.w3.org/2001/XMLSchema-instance" xsi:noNamespaceSchemaLocation="https://maven.apache.org/surefire/maven-surefire-plugin/xsd/surefire-test-report-3.0.xsd" version="3.0" name="TestSuite" time="108.14" tests="3" errors="0" skipped="0" failures="0">
  <properties>
[...]
</properties>
  <testcase name="loginPageTittleTest" classname="com.crm.qa.testCases.LoingPageTest" time="0.059"/>
  <testcase name="crmLogoImageTest" classname="com.crm.qa.testCases.LoingPageTest" time="0.163"/>
  <testcase name="LoginTest" classname="com.crm.qa.testCases.LoingPageTest" time="17.714"/>
</testsuite>